build/app/outputs/mapping/release/mapping.txt
# compiler: R8
# compiler_version: 2.1.62
# min_api: 16
# pg_map_id: e0381a8
# common_typos_disable
...
android.support.v4.media.MediaBrowserCompat$SearchCallback -> android.support.v4.media.c:
    void onError(java.lang.String,android.os.Bundle) -> a
    void onSearchResult(java.lang.String,android.os.Bundle,java.util.List) -> b
android.support.v4.media.MediaBrowserCompat$SearchResultReceiver -> android.support.v4.media.MediaBrowserCompat$SearchResultReceiver:
    android.os.Bundle mExtras -> d
    java.lang.String mQuery -> c
    android.support.v4.media.MediaBrowserCompat$SearchCallback mCallback -> e
    void onReceiveResult(int,android.os.Bundle) -> a
android.support.v4.media.MediaDescriptionCompat -> android.support.v4.media.MediaDescriptionCompat:
    android.net.Uri mMediaUri -> h
    android.net.Uri mIconUri -> f
    java.lang.Object mDescriptionObj -> i
    java.lang.CharSequence mTitle -> b
    java.lang.CharSequence mSubtitle -> c
    java.lang.CharSequence mDescription -> d
    android.os.Bundle mExtras -> g
    java.lang.String mMediaId -> a
    android.graphics.Bitmap mIcon -> e
    android.support.v4.media.MediaDescriptionCompat fromMediaDescription(java.lang.Object) -> a
    java.lang.Object getMediaDescription() -> b
android.support.v4.media.MediaDescriptionCompat$1 -> android.support.v4.media.MediaDescriptionCompat$a:
    android.support.v4.media.MediaDescriptionCompat createFromParcel(android.os.Parcel) -> a
    android.support.v4.media.MediaDescriptionCompat[] newArray(int) -> b
android.support.v4.media.MediaDescriptionCompat$Builder -> android.support.v4.media.MediaDescriptionCompat$b:
    android.net.Uri mMediaUri -> h
    android.net.Uri mIconUri -> f
    java.lang.CharSequence mTitle -> b
    java.lang.CharSequence mSubtitle -> c
    java.lang.CharSequence mDescription -> d
    android.os.Bundle mExtras -> g
    java.lang.String mMediaId -> a
    android.graphics.Bitmap mIcon -> e
    android.support.v4.media.MediaDescriptionCompat build() -> a
    android.support.v4.media.MediaDescriptionCompat$Builder setDescription(java.lang.CharSequence) -> b
    android.support.v4.media.MediaDescriptionCompat$Builder setExtras(android.os.Bundle) -> c
    android.support.v4.media.MediaDescriptionCompat$Builder setIconBitmap(android.graphics.Bitmap) -> d
    android.support.v4.media.MediaDescriptionCompat$Builder setIconUri(android.net.Uri) -> e
    android.support.v4.media.MediaDescriptionCompat$Builder setMediaId(java.lang.String) -> f
    android.support.v4.media.MediaDescriptionCompat$Builder setMediaUri(android.net.Uri) -> g
    android.support.v4.media.MediaDescriptionCompat$Builder setSubtitle(java.lang.CharSequence) -> h
    android.support.v4.media.MediaDescriptionCompat$Builder setTitle(java.lang.CharSequence) -> i
android.support.v4.media.MediaDescriptionCompatApi21 -> android.support.v4.media.d:
    java.lang.Object fromParcel(android.os.Parcel) -> a
    java.lang.CharSequence getDescription(java.lang.Object) -> b
    android.os.Bundle getExtras(java.lang.Object) -> c
    android.graphics.Bitmap getIconBitmap(java.lang.Object) -> d
    android.net.Uri getIconUri(java.lang.Object) -> e
    java.lang.String getMediaId(java.lang.Object) -> f
    java.lang.CharSequence getSubtitle(java.lang.Object) -> g
    java.lang.CharSequence getTitle(java.lang.Object) -> h
    void writeToParcel(java.lang.Object,android.os.Parcel,int) -> i
android.support.v4.media.MediaDescriptionCompatApi21$Builder -> android.support.v4.media.d$a:
    java.lang.Object build(java.lang.Object) -> a
    java.lang.Object newInstance() -> b
    void setDescription(java.lang.Object,java.lang.CharSequence) -> c
    void setExtras(java.lang.Object,android.os.Bundle) -> d
    void setIconBitmap(java.lang.Object,android.graphics.Bitmap) -> e
    void setIconUri(java.lang.Object,android.net.Uri) -> f
    void setMediaId(java.lang.Object,java.lang.String) -> g
    void setSubtitle(java.lang.Object,java.lang.CharSequence) -> h
    void setTitle(java.lang.Object,java.lang.CharSequence) -> i