build/app/outputs/mapping/release/usage.txt
com.example.projeto_faculdade.BuildConfig
com.example.projeto_faculdade.R$styleable
com.example.projeto_faculdade.R$string
com.example.projeto_faculdade.R$attr
com.example.projeto_faculdade.R$dimen
com.example.projeto_faculdade.R$id
com.example.projeto_faculdade.R$style
com.example.projeto_faculdade.R$xml
com.example.projeto_faculdade.R$integer
com.example.projeto_faculdade.R$drawable
com.example.projeto_faculdade.R$color
com.example.projeto_faculdade.R$layout
com.example.projeto_faculdade.R$mipmap
com.example.projeto_faculdade.R
...
com.google.common.collect.LinkedHashMultimapGwtSerializationDependencies
androidx.drawerlayout.widget.DrawerLayout$ChildAccessibilityDelegate
com.google.common.collect.ImmutableMultiset$1
kotlin.internal.Exact
com.google.common.collect.FilteredKeyMultimap$Entries
com.google.common.eventbus.Dispatcher$PerThreadQueuedDispatcher
com.google.common.reflect.TypeResolver$1
kotlin.jvm.internal.TypeIntrinsics
io.flutter.embedding.engine.loader.FlutterApplicationInfo:
    private static final java.lang.String DEFAULT_AOT_SHARED_LIBRARY_NAME
    private static final java.lang.String DEFAULT_VM_SNAPSHOT_DATA
    private static final java.lang.String DEFAULT_ISOLATE_SNAPSHOT_DATA
    private static final java.lang.String DEFAULT_FLUTTER_ASSETS_DIR
com.google.common.collect.EnumBiMap
com.google.common.collect.AbstractIterator
androidx.drawerlayout.R$layout
com.google.common.util.concurrent.AbstractScheduledService$CustomScheduler$ReschedulableCallable
androidx.fragment.app.Fragment$1
com.google.common.collect.Maps$AbstractFilteredMap
com.google.common.graph.ValueGraphBuilder
kotlin.io.FileTreeWalk
androidx.core.provider.FontsContractCompat$Columns
kotlin.coroutines.intrinsics.IntrinsicsKt__IntrinsicsKt
com.google.common.util.concurrent.Striped$WeakSafeCondition
androidx.loader.content.Loader
com.google.common.util.concurrent.AbstractService
com.google.common.base.Defaults
com.google.common.util.concurrent.Futures$InCompletionOrderFuture
kotlin.collections.AbstractList$Companion
androidx.core.graphics.drawable.WrappedDrawable
kotlin.collections.CollectionsKt__MutableCollectionsKt
com.google.common.util.concurrent.CombinedFuture$CombinedFutureRunningState
kotlin.collections.unsigned.UArraysKt___UArraysJvmKt$asList$2
io.flutter.view.FlutterNativeView$EngineLifecycleListenerImpl
com.google.common.math.DoubleUtils
com.google.common.cache.CacheBuilderSpec
kotlin.reflect.KFunction
kotlin.collections.SetsKt
androidx.lifecycle.ClassesInfoCache
kotlin.reflect.KMutableProperty2$Setter
com.google.j2objc.annotations.ReflectionSupport$Level
kotlin.Function
com.google.common.cache.LocalCache$EntryIterator
com.google.common.collect.ExplicitOrdering
com.google.common.collect.IndexedImmutableSet$1
com.google.common.util.concurrent.Service$State$3
androidx.drawerlayout.widget.DrawerLayout$LayoutParams
com.google.common.base.MoreObjects:
    public static java.lang.Object firstNonNull(java.lang.Object,java.lang.Object)
    public static com.google.common.base.MoreObjects$ToStringHelper toStringHelper(java.lang.Class)
    public static com.google.common.base.MoreObjects$ToStringHelper toStringHelper(java.lang.String)
    private void <init>()
com.google.common.collect.ForwardingMap$StandardKeySet
com.google.common.collect.SortedLists$KeyAbsentBehavior$2
kotlin.jvm.internal.Ref$CharRef
androidx.print.PrintHelper
androidx.activity.R$id
com.google.common.collect.SparseImmutableTable
androidx.documentfile.provider.TreeDocumentFile
kotlin.collections.AbstractIterator$WhenMappings
kotlin.reflect.KProperty$Getter
org.intellij.lang.annotations.JdkConstants$CalendarMonth
androidx.core.view.MarginLayoutParamsCompat
kotlin.jvm.internal.ArrayShortIterator
kotlin.collections.CollectionsKt___CollectionsKt$groupingBy$1
androidx.fragment.app.FragmentManagerImpl$AnimationOrAnimator
kotlin.sequences.SequencesKt__SequencesKt$flatten$2
kotlin.collections.ArraysKt___ArraysKt$asSequence$$inlined$Sequence$8
androidx.media.MediaSessionManagerImplApi28
kotlin.jvm.Synchronized
androidx.core.text.PrecomputedTextCompat$PrecomputedTextFutureTask
androidx.localbroadcastmanager.content.LocalBroadcastManager
kotlin.UNINITIALIZED_VALUE
io.flutter.app.FlutterPluginRegistry
androidx.core.content.res.FontResourcesParserCompat$ProviderResourceEntry
com.google.common.hash.Hasher
kotlin.sequences.TransformingIndexedSequence$iterator$1
com.google.common.collect.CartesianList$1
com.google.common.collect.Multisets$4
com.google.common.util.concurrent.AbstractIdleService